Analysis & Synthesis report for AUEB_PROCESSOR
Sun May 29 12:39:19 2022
Quartus II 64-Bit Version 13.0.1 Build 232 06/12/2013 Service Pack 1 SJ Web Edition


---------------------
; Table of Contents ;
---------------------
  1. Legal Notice
  2. Analysis & Synthesis Summary
  3. Analysis & Synthesis Settings
  4. Parallel Compilation
  5. Analysis & Synthesis Source Files Read
  6. Analysis & Synthesis Resource Usage Summary
  7. Analysis & Synthesis Resource Utilization by Entity
  8. General Register Statistics
  9. Elapsed Time Per Partition
 10. Analysis & Synthesis Messages



----------------
; Legal Notice ;
----------------
Copyright (C) 1991-2013 Altera Corporation
Your use of Altera Corporation's design tools, logic functions 
and other software and tools, and its AMPP partner logic 
functions, and any output files from any of the foregoing 
(including device programming or simulation files), and any 
associated documentation or information are expressly subject 
to the terms and conditions of the Altera Program License 
Subscription Agreement, Altera MegaCore Function License 
Agreement, or other applicable license agreement, including, 
without limitation, that your use is for the sole purpose of 
programming logic devices manufactured by Altera and sold by 
Altera or its authorized distributors.  Please refer to the 
applicable agreement for further details.



+--------------------------------------------------------------------------------------+
; Analysis & Synthesis Summary                                                         ;
+------------------------------------+-------------------------------------------------+
; Analysis & Synthesis Status        ; Successful - Sun May 29 12:39:19 2022           ;
; Quartus II 64-Bit Version          ; 13.0.1 Build 232 06/12/2013 SP 1 SJ Web Edition ;
; Revision Name                      ; AUEB_PROCESSOR                                  ;
; Top-level Entity Name              ; AUEB_PROCESSOR                                  ;
; Family                             ; Cyclone II                                      ;
; Total logic elements               ; 0                                               ;
;     Total combinational functions  ; 0                                               ;
;     Dedicated logic registers      ; 0                                               ;
; Total registers                    ; 0                                               ;
; Total pins                         ; 277                                             ;
; Total virtual pins                 ; 0                                               ;
; Total memory bits                  ; 0                                               ;
; Embedded Multiplier 9-bit elements ; 0                                               ;
; Total PLLs                         ; 0                                               ;
+------------------------------------+-------------------------------------------------+


+----------------------------------------------------------------------------------------------------------------------+
; Analysis & Synthesis Settings                                                                                        ;
+----------------------------------------------------------------------------+--------------------+--------------------+
; Option                                                                     ; Setting            ; Default Value      ;
+----------------------------------------------------------------------------+--------------------+--------------------+
; Device                                                                     ; EP2C35F672C6       ;                    ;
; Top-level entity name                                                      ; AUEB_PROCESSOR     ; AUEB_PROCESSOR     ;
; Family name                                                                ; Cyclone II         ; Cyclone IV GX      ;
; Use smart compilation                                                      ; Off                ; Off                ;
; Enable parallel Assembler and TimeQuest Timing Analyzer during compilation ; On                 ; On                 ;
; Enable compact report table                                                ; Off                ; Off                ;
; Restructure Multiplexers                                                   ; Auto               ; Auto               ;
; Create Debugging Nodes for IP Cores                                        ; Off                ; Off                ;
; Preserve fewer node names                                                  ; On                 ; On                 ;
; Disable OpenCore Plus hardware evaluation                                  ; Off                ; Off                ;
; Verilog Version                                                            ; Verilog_2001       ; Verilog_2001       ;
; VHDL Version                                                               ; VHDL_1993          ; VHDL_1993          ;
; State Machine Processing                                                   ; Auto               ; Auto               ;
; Safe State Machine                                                         ; Off                ; Off                ;
; Extract Verilog State Machines                                             ; On                 ; On                 ;
; Extract VHDL State Machines                                                ; On                 ; On                 ;
; Ignore Verilog initial constructs                                          ; Off                ; Off                ;
; Iteration limit for constant Verilog loops                                 ; 5000               ; 5000               ;
; Iteration limit for non-constant Verilog loops                             ; 250                ; 250                ;
; Add Pass-Through Logic to Inferred RAMs                                    ; On                 ; On                 ;
; Infer RAMs from Raw Logic                                                  ; On                 ; On                 ;
; Parallel Synthesis                                                         ; On                 ; On                 ;
; DSP Block Balancing                                                        ; Auto               ; Auto               ;
; NOT Gate Push-Back                                                         ; On                 ; On                 ;
; Power-Up Don't Care                                                        ; On                 ; On                 ;
; Remove Redundant Logic Cells                                               ; Off                ; Off                ;
; Remove Duplicate Registers                                                 ; On                 ; On                 ;
; Ignore CARRY Buffers                                                       ; Off                ; Off                ;
; Ignore CASCADE Buffers                                                     ; Off                ; Off                ;
; Ignore GLOBAL Buffers                                                      ; Off                ; Off                ;
; Ignore ROW GLOBAL Buffers                                                  ; Off                ; Off                ;
; Ignore LCELL Buffers                                                       ; Off                ; Off                ;
; Ignore SOFT Buffers                                                        ; On                 ; On                 ;
; Limit AHDL Integers to 32 Bits                                             ; Off                ; Off                ;
; Optimization Technique                                                     ; Balanced           ; Balanced           ;
; Carry Chain Length                                                         ; 70                 ; 70                 ;
; Auto Carry Chains                                                          ; On                 ; On                 ;
; Auto Open-Drain Pins                                                       ; On                 ; On                 ;
; Perform WYSIWYG Primitive Resynthesis                                      ; Off                ; Off                ;
; Auto ROM Replacement                                                       ; On                 ; On                 ;
; Auto RAM Replacement                                                       ; On                 ; On                 ;
; Auto Shift Register Replacement                                            ; Auto               ; Auto               ;
; Allow Shift Register Merging across Hierarchies                            ; Auto               ; Auto               ;
; Auto Clock Enable Replacement                                              ; On                 ; On                 ;
; Strict RAM Replacement                                                     ; Off                ; Off                ;
; Allow Synchronous Control Signals                                          ; On                 ; On                 ;
; Force Use of Synchronous Clear Signals                                     ; Off                ; Off                ;
; Auto RAM to Logic Cell Conversion                                          ; Off                ; Off                ;
; Auto Resource Sharing                                                      ; Off                ; Off                ;
; Allow Any RAM Size For Recognition                                         ; Off                ; Off                ;
; Allow Any ROM Size For Recognition                                         ; Off                ; Off                ;
; Allow Any Shift Register Size For Recognition                              ; Off                ; Off                ;
; Use LogicLock Constraints during Resource Balancing                        ; On                 ; On                 ;
; Ignore translate_off and synthesis_off directives                          ; Off                ; Off                ;
; Timing-Driven Synthesis                                                    ; Off                ; Off                ;
; Report Parameter Settings                                                  ; On                 ; On                 ;
; Report Source Assignments                                                  ; On                 ; On                 ;
; Report Connectivity Checks                                                 ; On                 ; On                 ;
; Ignore Maximum Fan-Out Assignments                                         ; Off                ; Off                ;
; Synchronization Register Chain Length                                      ; 2                  ; 2                  ;
; PowerPlay Power Optimization                                               ; Normal compilation ; Normal compilation ;
; HDL message level                                                          ; Level2             ; Level2             ;
; Suppress Register Optimization Related Messages                            ; Off                ; Off                ;
; Number of Removed Registers Reported in Synthesis Report                   ; 5000               ; 5000               ;
; Number of Swept Nodes Reported in Synthesis Report                         ; 5000               ; 5000               ;
; Number of Inverted Registers Reported in Synthesis Report                  ; 100                ; 100                ;
; Clock MUX Protection                                                       ; On                 ; On                 ;
; Auto Gated Clock Conversion                                                ; Off                ; Off                ;
; Block Design Naming                                                        ; Auto               ; Auto               ;
; SDC constraint protection                                                  ; Off                ; Off                ;
; Synthesis Effort                                                           ; Auto               ; Auto               ;
; Shift Register Replacement - Allow Asynchronous Clear Signal               ; On                 ; On                 ;
; Pre-Mapping Resynthesis Optimization                                       ; Off                ; Off                ;
; Analysis & Synthesis Message Level                                         ; Medium             ; Medium             ;
; Disable Register Merging Across Hierarchies                                ; Auto               ; Auto               ;
; Resource Aware Inference For Block RAM                                     ; On                 ; On                 ;
; Synthesis Seed                                                             ; 1                  ; 1                  ;
+----------------------------------------------------------------------------+--------------------+--------------------+


Parallel compilation was disabled, but you have multiple processors available. Enable parallel compilation to reduce compilation time.
+-------------------------------------+
; Parallel Compilation                ;
+----------------------------+--------+
; Processors                 ; Number ;
+----------------------------+--------+
; Number detected on machine ; 8      ;
; Maximum allowed            ; 1      ;
+----------------------------+--------+


+--------------------------------------------------------------------------------------------------------------------------------------------------------------+
; Analysis & Synthesis Source Files Read                                                                                                                       ;
+----------------------------------+-----------------+-----------------+-----------------------------------------------------------------------------+---------+
; File Name with User-Entered Path ; Used in Netlist ; File Type       ; File Name with Absolute Path                                                ; Library ;
+----------------------------------+-----------------+-----------------+-----------------------------------------------------------------------------+---------+
; AUEB_PROCESSOR.vhd               ; yes             ; User VHDL File  ; C:/Users/Efthimis/Desktop/quartus project/aueb_processor/AUEB_PROCESSOR.vhd ;         ;
+----------------------------------+-----------------+-----------------+-----------------------------------------------------------------------------+---------+


+-----------------------------------------------------+
; Analysis & Synthesis Resource Usage Summary         ;
+---------------------------------------------+-------+
; Resource                                    ; Usage ;
+---------------------------------------------+-------+
;                                             ;       ;
; Total combinational functions               ; 0     ;
; Logic element usage by number of LUT inputs ;       ;
;     -- 4 input functions                    ; 0     ;
;     -- 3 input functions                    ; 0     ;
;     -- <=2 input functions                  ; 0     ;
;                                             ;       ;
; Logic elements by mode                      ;       ;
;     -- normal mode                          ; 0     ;
;     -- arithmetic mode                      ; 0     ;
;                                             ;       ;
; Total registers                             ; 0     ;
;     -- Dedicated logic registers            ; 0     ;
;     -- I/O registers                        ; 0     ;
;                                             ;       ;
; I/O pins                                    ; 277   ;
; Embedded Multiplier 9-bit elements          ; 0     ;
+---------------------------------------------+-------+


+-----------------------------------------------------------------------------------------------------------------------------------------------------------------------------+
; Analysis & Synthesis Resource Utilization by Entity                                                                                                                         ;
+----------------------------+-------------------+--------------+-------------+--------------+---------+-----------+------+--------------+---------------------+--------------+
; Compilation Hierarchy Node ; LC Combinationals ; LC Registers ; Memory Bits ; DSP Elements ; DSP 9x9 ; DSP 18x18 ; Pins ; Virtual Pins ; Full Hierarchy Name ; Library Name ;
+----------------------------+-------------------+--------------+-------------+--------------+---------+-----------+------+--------------+---------------------+--------------+
; |AUEB_PROCESSOR            ; 0 (0)             ; 0 (0)        ; 0           ; 0            ; 0       ; 0         ; 277  ; 0            ; |AUEB_PROCESSOR     ; work         ;
+----------------------------+-------------------+--------------+-------------+--------------+---------+-----------+------+--------------+---------------------+--------------+
Note: For table entries with two numbers listed, the numbers in parentheses indicate the number of resources of the given type used by the specific entity alone. The numbers listed outside of parentheses indicate the total resources of the given type used by the specific entity and all of its sub-entities in the hierarchy.


+------------------------------------------------------+
; General Register Statistics                          ;
+----------------------------------------------+-------+
; Statistic                                    ; Value ;
+----------------------------------------------+-------+
; Total registers                              ; 0     ;
; Number of registers using Synchronous Clear  ; 0     ;
; Number of registers using Synchronous Load   ; 0     ;
; Number of registers using Asynchronous Clear ; 0     ;
; Number of registers using Asynchronous Load  ; 0     ;
; Number of registers using Clock Enable       ; 0     ;
; Number of registers using Preset             ; 0     ;
+----------------------------------------------+-------+


+-------------------------------+
; Elapsed Time Per Partition    ;
+----------------+--------------+
; Partition Name ; Elapsed Time ;
+----------------+--------------+
; Top            ; 00:00:00     ;
+----------------+--------------+


+-------------------------------+
; Analysis & Synthesis Messages ;
+-------------------------------+
Info: *******************************************************************
Info: Running Quartus II 64-Bit Analysis & Synthesis
    Info: Version 13.0.1 Build 232 06/12/2013 Service Pack 1 SJ Web Edition
    Info: Processing started: Sun May 29 12:39:17 2022
Info: Command: quartus_map --read_settings_files=on --write_settings_files=off AUEB_PROCESSOR -c AUEB_PROCESSOR
Warning (20028): Parallel compilation is not licensed and has been disabled
Info (12021): Found 2 design units, including 1 entities, in source file alu/sub_16bit.vhd
    Info (12022): Found design unit 1: SUB_16bit-Sub16BitLogic
    Info (12023): Found entity 1: SUB_16bit
Info (12021): Found 2 design units, including 1 entities, in source file alu/sub_1bit.vhd
    Info (12022): Found design unit 1: SUB_1bit-Sub1BitLogic
    Info (12023): Found entity 1: SUB_1bit
Info (12021): Found 2 design units, including 1 entities, in source file alu/or_gate.vhd
    Info (12022): Found design unit 1: OR_gate-OrGateLogic
    Info (12023): Found entity 1: OR_gate
Info (12021): Found 2 design units, including 1 entities, in source file alu/not_gate.vhd
    Info (12022): Found design unit 1: NOT_gate-NotGateLogic
    Info (12023): Found entity 1: NOT_gate
Info (12021): Found 2 design units, including 1 entities, in source file alu/full_adder_16bit.vhd
    Info (12022): Found design unit 1: FULL_ADDER_16bit-FullAdder16BitLogic
    Info (12023): Found entity 1: FULL_ADDER_16bit
Info (12021): Found 2 design units, including 1 entities, in source file alu/full_adder_1bit.vhd
    Info (12022): Found design unit 1: FULL_ADDER_1bit-FullAdder1BitLogic
    Info (12023): Found entity 1: FULL_ADDER_1bit
Info (12021): Found 2 design units, including 1 entities, in source file alu/and_gate.vhd
    Info (12022): Found design unit 1: AND_gate-AndGateLogic
    Info (12023): Found entity 1: AND_gate
Info (12021): Found 2 design units, including 1 entities, in source file alu/alu_16bit.vhd
    Info (12022): Found design unit 1: ALU_16bit-ALULogic
    Info (12023): Found entity 1: ALU_16bit
Info (12021): Found 2 design units, including 1 entities, in source file alu/xor_gate.vhd
    Info (12022): Found design unit 1: XOR_gate-XorGateLogic
    Info (12023): Found entity 1: XOR_gate
Info (12021): Found 2 design units, including 1 entities, in source file aueb_processor.vhd
    Info (12022): Found design unit 1: AUEB_PROCESSOR-ProcessorLogic
    Info (12023): Found entity 1: AUEB_PROCESSOR
Info (12021): Found 2 design units, including 1 entities, in source file alu/geq_16bit.vhd
    Info (12022): Found design unit 1: GEQ_16bit-Geq16BitLogic
    Info (12023): Found entity 1: GEQ_16bit
Info (12021): Found 2 design units, including 1 entities, in source file alu/geqz_16bit.vhd
    Info (12022): Found design unit 1: GEQZ_16bit-GeqZ16BitLogic
    Info (12023): Found entity 1: GEQZ_16bit
Info (12021): Found 2 design units, including 1 entities, in source file alu/or_16bit.vhd
    Info (12022): Found design unit 1: OR_16bit-Or16BitLogic
    Info (12023): Found entity 1: OR_16bit
Info (12021): Found 2 design units, including 1 entities, in source file alu/and_16bit.vhd
    Info (12022): Found design unit 1: AND_16bit-And16BitLogic
    Info (12023): Found entity 1: AND_16bit
Info (12021): Found 2 design units, including 1 entities, in source file alu/complement_getter_16bit.vhd
    Info (12022): Found design unit 1: COMPLEMENT_GETTER_16bit-ComplementGetter16BitLogic
    Info (12023): Found entity 1: COMPLEMENT_GETTER_16bit
Info (12021): Found 2 design units, including 1 entities, in source file alu/mult_1bit.vhd
    Info (12022): Found design unit 1: MULT_1bit-Mult1BitLogic
    Info (12023): Found entity 1: MULT_1bit
Info (12021): Found 2 design units, including 1 entities, in source file alu/not_full_16bit.vhd
    Info (12022): Found design unit 1: NOT_FULL_16bit-NotFull16BitLogic
    Info (12023): Found entity 1: NOT_FULL_16bit
Info (12021): Found 2 design units, including 1 entities, in source file alu/mult_3bit.vhd
    Info (12022): Found design unit 1: MULT_3bit-Mult3BitLogic
    Info (12023): Found entity 1: MULT_3bit
Info (12021): Found 2 design units, including 1 entities, in source file alu/not_16bit.vhd
    Info (12022): Found design unit 1: NOT_16bit-Not16BitLogic
    Info (12023): Found entity 1: NOT_16bit
Info (12021): Found 2 design units, including 1 entities, in source file alu/register/sr_latch.vhd
    Info (12022): Found design unit 1: SR_LATCH-SRLatchLogic
    Info (12023): Found entity 1: SR_LATCH
Info (12021): Found 2 design units, including 1 entities, in source file alu/register/flip_flop_1bit.vhd
    Info (12022): Found design unit 1: FLIP_FLOP_1bit-FlipFlop1BitLogic
    Info (12023): Found entity 1: FLIP_FLOP_1bit
Info (12021): Found 2 design units, including 1 entities, in source file alu/register/reg.vhd
    Info (12022): Found design unit 1: reg-RegLogic
    Info (12023): Found entity 1: reg
Info (12021): Found 2 design units, including 1 entities, in source file cpu_components/reg0.vhd
    Info (12022): Found design unit 1: reg0-Reg0Logic
    Info (12023): Found entity 1: reg0
Info (12021): Found 2 design units, including 1 entities, in source file cpu_components/reg_1bit.vhd
    Info (12022): Found design unit 1: REG_1bit-Reg1BitLogic
    Info (12023): Found entity 1: REG_1bit
Info (12021): Found 2 design units, including 1 entities, in source file cpu_components/gen_reg.vhd
    Info (12022): Found design unit 1: gen_reg-RegLogic
    Info (12023): Found entity 1: gen_reg
Info (12021): Found 2 design units, including 1 entities, in source file cpu_components/mux8to1.vhd
    Info (12022): Found design unit 1: mux8to1-mux8to1Logic
    Info (12023): Found entity 1: mux8to1
Info (12021): Found 2 design units, including 1 entities, in source file cpu_components/decode3to8.vhd
    Info (12022): Found design unit 1: decode3to8-decode3to8Logic
    Info (12023): Found entity 1: decode3to8
Info (12021): Found 2 design units, including 1 entities, in source file cpu_components/regfile.vhd
    Info (12022): Found design unit 1: regFile-regFileLogic
    Info (12023): Found entity 1: regFile
Info (12021): Found 2 design units, including 1 entities, in source file cpu_components/sign_extender.vhd
    Info (12022): Found design unit 1: sign_extender-sign_extenderLogic
    Info (12023): Found entity 1: sign_extender
Info (12021): Found 2 design units, including 1 entities, in source file cpu_components/jumpad.vhd
    Info (12022): Found design unit 1: jumpAD-jumpADLogic
    Info (12023): Found entity 1: jumpAD
Info (12021): Found 2 design units, including 1 entities, in source file cpu_components/alucontrol.vhd
    Info (12022): Found design unit 1: ALUcontrol-ALUcontrolLogic
    Info (12023): Found entity 1: ALUcontrol
Info (12021): Found 2 design units, including 1 entities, in source file processor/forwarder.vhd
    Info (12022): Found design unit 1: forwarder-forwarderLogic
    Info (12023): Found entity 1: forwarder
Info (12021): Found 2 design units, including 1 entities, in source file processor/selector.vhd
    Info (12022): Found design unit 1: selector-selectorLogic
    Info (12023): Found entity 1: selector
Info (12021): Found 2 design units, including 1 entities, in source file processor/control.vhd
    Info (12022): Found design unit 1: control-controlLogic
    Info (12023): Found entity 1: control
Info (12021): Found 2 design units, including 1 entities, in source file processor/hazardunit.vhd
    Info (12022): Found design unit 1: hazardunit-hazardunitLogic
    Info (12023): Found entity 1: hazardunit
Info (12021): Found 2 design units, including 1 entities, in source file processor/register_if_id.vhd
    Info (12022): Found design unit 1: register_if_id-register_if_idLogic
    Info (12023): Found entity 1: register_if_id
Info (12021): Found 2 design units, including 1 entities, in source file processor/register_ex_mem.vhd
    Info (12022): Found design unit 1: register_ex_mem-register_ex_memLogic
    Info (12023): Found entity 1: register_ex_mem
Info (12021): Found 2 design units, including 1 entities, in source file processor/register_mem_wb.vhd
    Info (12022): Found design unit 1: register_mem_wb-register_mem_wbLogic
    Info (12023): Found entity 1: register_mem_wb
Info (12021): Found 2 design units, including 1 entities, in source file processor/register_id_ex.vhd
    Info (12022): Found design unit 1: register_id_ex-register_id_exLogic
    Info (12023): Found entity 1: register_id_ex
Info (12021): Found 2 design units, including 1 entities, in source file processor/jrselector.vhd
    Info (12022): Found design unit 1: jrselector-jrselectorLogic
    Info (12023): Found entity 1: jrselector
Info (12021): Found 2 design units, including 1 entities, in source file processor/reg16b.vhd
    Info (12022): Found design unit 1: reg16b-reg16bLogic
    Info (12023): Found entity 1: reg16b
Info (12021): Found 2 design units, including 1 entities, in source file processor/trapunit.vhd
    Info (12022): Found design unit 1: trapunit-trapunitLogic
    Info (12023): Found entity 1: trapunit
Info (12021): Found 2 design units, including 1 entities, in source file processor/mux2to1.vhd
    Info (12022): Found design unit 1: mux2to1-mux2to1Logic
    Info (12023): Found entity 1: mux2to1
Info (12127): Elaborating entity "AUEB_PROCESSOR" for the top level hierarchy
Warning (10541): VHDL Signal Declaration warning at AUEB_PROCESSOR.vhd(10): used implicit default value for signal "printEnable" because signal was never assigned a value or an explicit default value. Use of implicit default value may introduce unintended design optimizations.
Warning (10541): VHDL Signal Declaration warning at AUEB_PROCESSOR.vhd(10): used implicit default value for signal "keyEnable" because signal was never assigned a value or an explicit default value. Use of implicit default value may introduce unintended design optimizations.
Warning (10541): VHDL Signal Declaration warning at AUEB_PROCESSOR.vhd(10): used implicit default value for signal "DataWriteFlag" because signal was never assigned a value or an explicit default value. Use of implicit default value may introduce unintended design optimizations.
Warning (10541): VHDL Signal Declaration warning at AUEB_PROCESSOR.vhd(11): used implicit default value for signal "dataAD" because signal was never assigned a value or an explicit default value. Use of implicit default value may introduce unintended design optimizations.
Warning (10541): VHDL Signal Declaration warning at AUEB_PROCESSOR.vhd(11): used implicit default value for signal "toData" because signal was never assigned a value or an explicit default value. Use of implicit default value may introduce unintended design optimizations.
Warning (10541): VHDL Signal Declaration warning at AUEB_PROCESSOR.vhd(11): used implicit default value for signal "printCode" because signal was never assigned a value or an explicit default value. Use of implicit default value may introduce unintended design optimizations.
Warning (10541): VHDL Signal Declaration warning at AUEB_PROCESSOR.vhd(11): used implicit default value for signal "printData" because signal was never assigned a value or an explicit default value. Use of implicit default value may introduce unintended design optimizations.
Warning (10541): VHDL Signal Declaration warning at AUEB_PROCESSOR.vhd(11): used implicit default value for signal "intstruction" because signal was never assigned a value or an explicit default value. Use of implicit default value may introduce unintended design optimizations.
Warning (10541): VHDL Signal Declaration warning at AUEB_PROCESSOR.vhd(12): used implicit default value for signal "regOUT" because signal was never assigned a value or an explicit default value. Use of implicit default value may introduce unintended design optimizations.
Warning (13024): Output pins are stuck at VCC or GND
    Warning (13410): Pin "printEnable" is stuck at GND
    Warning (13410): Pin "keyEnable" is stuck at GND
    Warning (13410): Pin "DataWriteFlag" is stuck at GND
    Warning (13410): Pin "dataAD[0]" is stuck at GND
    Warning (13410): Pin "dataAD[1]" is stuck at GND
    Warning (13410): Pin "dataAD[2]" is stuck at GND
    Warning (13410): Pin "dataAD[3]" is stuck at GND
    Warning (13410): Pin "dataAD[4]" is stuck at GND
    Warning (13410): Pin "dataAD[5]" is stuck at GND
    Warning (13410): Pin "dataAD[6]" is stuck at GND
    Warning (13410): Pin "dataAD[7]" is stuck at GND
    Warning (13410): Pin "dataAD[8]" is stuck at GND
    Warning (13410): Pin "dataAD[9]" is stuck at GND
    Warning (13410): Pin "dataAD[10]" is stuck at GND
    Warning (13410): Pin "dataAD[11]" is stuck at GND
    Warning (13410): Pin "dataAD[12]" is stuck at GND
    Warning (13410): Pin "dataAD[13]" is stuck at GND
    Warning (13410): Pin "dataAD[14]" is stuck at GND
    Warning (13410): Pin "dataAD[15]" is stuck at GND
    Warning (13410): Pin "toData[0]" is stuck at GND
    Warning (13410): Pin "toData[1]" is stuck at GND
    Warning (13410): Pin "toData[2]" is stuck at GND
    Warning (13410): Pin "toData[3]" is stuck at GND
    Warning (13410): Pin "toData[4]" is stuck at GND
    Warning (13410): Pin "toData[5]" is stuck at GND
    Warning (13410): Pin "toData[6]" is stuck at GND
    Warning (13410): Pin "toData[7]" is stuck at GND
    Warning (13410): Pin "toData[8]" is stuck at GND
    Warning (13410): Pin "toData[9]" is stuck at GND
    Warning (13410): Pin "toData[10]" is stuck at GND
    Warning (13410): Pin "toData[11]" is stuck at GND
    Warning (13410): Pin "toData[12]" is stuck at GND
    Warning (13410): Pin "toData[13]" is stuck at GND
    Warning (13410): Pin "toData[14]" is stuck at GND
    Warning (13410): Pin "toData[15]" is stuck at GND
    Warning (13410): Pin "printCode[0]" is stuck at GND
    Warning (13410): Pin "printCode[1]" is stuck at GND
    Warning (13410): Pin "printCode[2]" is stuck at GND
    Warning (13410): Pin "printCode[3]" is stuck at GND
    Warning (13410): Pin "printCode[4]" is stuck at GND
    Warning (13410): Pin "printCode[5]" is stuck at GND
    Warning (13410): Pin "printCode[6]" is stuck at GND
    Warning (13410): Pin "printCode[7]" is stuck at GND
    Warning (13410): Pin "printCode[8]" is stuck at GND
    Warning (13410): Pin "printCode[9]" is stuck at GND
    Warning (13410): Pin "printCode[10]" is stuck at GND
    Warning (13410): Pin "printCode[11]" is stuck at GND
    Warning (13410): Pin "printCode[12]" is stuck at GND
    Warning (13410): Pin "printCode[13]" is stuck at GND
    Warning (13410): Pin "printCode[14]" is stuck at GND
    Warning (13410): Pin "printCode[15]" is stuck at GND
    Warning (13410): Pin "printData[0]" is stuck at GND
    Warning (13410): Pin "printData[1]" is stuck at GND
    Warning (13410): Pin "printData[2]" is stuck at GND
    Warning (13410): Pin "printData[3]" is stuck at GND
    Warning (13410): Pin "printData[4]" is stuck at GND
    Warning (13410): Pin "printData[5]" is stuck at GND
    Warning (13410): Pin "printData[6]" is stuck at GND
    Warning (13410): Pin "printData[7]" is stuck at GND
    Warning (13410): Pin "printData[8]" is stuck at GND
    Warning (13410): Pin "printData[9]" is stuck at GND
    Warning (13410): Pin "printData[10]" is stuck at GND
    Warning (13410): Pin "printData[11]" is stuck at GND
    Warning (13410): Pin "printData[12]" is stuck at GND
    Warning (13410): Pin "printData[13]" is stuck at GND
    Warning (13410): Pin "printData[14]" is stuck at GND
    Warning (13410): Pin "printData[15]" is stuck at GND
    Warning (13410): Pin "intstruction[0]" is stuck at GND
    Warning (13410): Pin "intstruction[1]" is stuck at GND
    Warning (13410): Pin "intstruction[2]" is stuck at GND
    Warning (13410): Pin "intstruction[3]" is stuck at GND
    Warning (13410): Pin "intstruction[4]" is stuck at GND
    Warning (13410): Pin "intstruction[5]" is stuck at GND
    Warning (13410): Pin "intstruction[6]" is stuck at GND
    Warning (13410): Pin "intstruction[7]" is stuck at GND
    Warning (13410): Pin "intstruction[8]" is stuck at GND
    Warning (13410): Pin "intstruction[9]" is stuck at GND
    Warning (13410): Pin "intstruction[10]" is stuck at GND
    Warning (13410): Pin "intstruction[11]" is stuck at GND
    Warning (13410): Pin "intstruction[12]" is stuck at GND
    Warning (13410): Pin "intstruction[13]" is stuck at GND
    Warning (13410): Pin "intstruction[14]" is stuck at GND
    Warning (13410): Pin "intstruction[15]" is stuck at GND
    Warning (13410): Pin "regOUT[0]" is stuck at GND
    Warning (13410): Pin "regOUT[1]" is stuck at GND
    Warning (13410): Pin "regOUT[2]" is stuck at GND
    Warning (13410): Pin "regOUT[3]" is stuck at GND
    Warning (13410): Pin "regOUT[4]" is stuck at GND
    Warning (13410): Pin "regOUT[5]" is stuck at GND
    Warning (13410): Pin "regOUT[6]" is stuck at GND
    Warning (13410): Pin "regOUT[7]" is stuck at GND
    Warning (13410): Pin "regOUT[8]" is stuck at GND
    Warning (13410): Pin "regOUT[9]" is stuck at GND
    Warning (13410): Pin "regOUT[10]" is stuck at GND
    Warning (13410): Pin "regOUT[11]" is stuck at GND
    Warning (13410): Pin "regOUT[12]" is stuck at GND
    Warning (13410): Pin "regOUT[13]" is stuck at GND
    Warning (13410): Pin "regOUT[14]" is stuck at GND
    Warning (13410): Pin "regOUT[15]" is stuck at GND
    Warning (13410): Pin "regOUT[16]" is stuck at GND
    Warning (13410): Pin "regOUT[17]" is stuck at GND
    Warning (13410): Pin "regOUT[18]" is stuck at GND
    Warning (13410): Pin "regOUT[19]" is stuck at GND
    Warning (13410): Pin "regOUT[20]" is stuck at GND
    Warning (13410): Pin "regOUT[21]" is stuck at GND
    Warning (13410): Pin "regOUT[22]" is stuck at GND
    Warning (13410): Pin "regOUT[23]" is stuck at GND
    Warning (13410): Pin "regOUT[24]" is stuck at GND
    Warning (13410): Pin "regOUT[25]" is stuck at GND
    Warning (13410): Pin "regOUT[26]" is stuck at GND
    Warning (13410): Pin "regOUT[27]" is stuck at GND
    Warning (13410): Pin "regOUT[28]" is stuck at GND
    Warning (13410): Pin "regOUT[29]" is stuck at GND
    Warning (13410): Pin "regOUT[30]" is stuck at GND
    Warning (13410): Pin "regOUT[31]" is stuck at GND
    Warning (13410): Pin "regOUT[32]" is stuck at GND
    Warning (13410): Pin "regOUT[33]" is stuck at GND
    Warning (13410): Pin "regOUT[34]" is stuck at GND
    Warning (13410): Pin "regOUT[35]" is stuck at GND
    Warning (13410): Pin "regOUT[36]" is stuck at GND
    Warning (13410): Pin "regOUT[37]" is stuck at GND
    Warning (13410): Pin "regOUT[38]" is stuck at GND
    Warning (13410): Pin "regOUT[39]" is stuck at GND
    Warning (13410): Pin "regOUT[40]" is stuck at GND
    Warning (13410): Pin "regOUT[41]" is stuck at GND
    Warning (13410): Pin "regOUT[42]" is stuck at GND
    Warning (13410): Pin "regOUT[43]" is stuck at GND
    Warning (13410): Pin "regOUT[44]" is stuck at GND
    Warning (13410): Pin "regOUT[45]" is stuck at GND
    Warning (13410): Pin "regOUT[46]" is stuck at GND
    Warning (13410): Pin "regOUT[47]" is stuck at GND
    Warning (13410): Pin "regOUT[48]" is stuck at GND
    Warning (13410): Pin "regOUT[49]" is stuck at GND
    Warning (13410): Pin "regOUT[50]" is stuck at GND
    Warning (13410): Pin "regOUT[51]" is stuck at GND
    Warning (13410): Pin "regOUT[52]" is stuck at GND
    Warning (13410): Pin "regOUT[53]" is stuck at GND
    Warning (13410): Pin "regOUT[54]" is stuck at GND
    Warning (13410): Pin "regOUT[55]" is stuck at GND
    Warning (13410): Pin "regOUT[56]" is stuck at GND
    Warning (13410): Pin "regOUT[57]" is stuck at GND
    Warning (13410): Pin "regOUT[58]" is stuck at GND
    Warning (13410): Pin "regOUT[59]" is stuck at GND
    Warning (13410): Pin "regOUT[60]" is stuck at GND
    Warning (13410): Pin "regOUT[61]" is stuck at GND
    Warning (13410): Pin "regOUT[62]" is stuck at GND
    Warning (13410): Pin "regOUT[63]" is stuck at GND
    Warning (13410): Pin "regOUT[64]" is stuck at GND
    Warning (13410): Pin "regOUT[65]" is stuck at GND
    Warning (13410): Pin "regOUT[66]" is stuck at GND
    Warning (13410): Pin "regOUT[67]" is stuck at GND
    Warning (13410): Pin "regOUT[68]" is stuck at GND
    Warning (13410): Pin "regOUT[69]" is stuck at GND
    Warning (13410): Pin "regOUT[70]" is stuck at GND
    Warning (13410): Pin "regOUT[71]" is stuck at GND
    Warning (13410): Pin "regOUT[72]" is stuck at GND
    Warning (13410): Pin "regOUT[73]" is stuck at GND
    Warning (13410): Pin "regOUT[74]" is stuck at GND
    Warning (13410): Pin "regOUT[75]" is stuck at GND
    Warning (13410): Pin "regOUT[76]" is stuck at GND
    Warning (13410): Pin "regOUT[77]" is stuck at GND
    Warning (13410): Pin "regOUT[78]" is stuck at GND
    Warning (13410): Pin "regOUT[79]" is stuck at GND
    Warning (13410): Pin "regOUT[80]" is stuck at GND
    Warning (13410): Pin "regOUT[81]" is stuck at GND
    Warning (13410): Pin "regOUT[82]" is stuck at GND
    Warning (13410): Pin "regOUT[83]" is stuck at GND
    Warning (13410): Pin "regOUT[84]" is stuck at GND
    Warning (13410): Pin "regOUT[85]" is stuck at GND
    Warning (13410): Pin "regOUT[86]" is stuck at GND
    Warning (13410): Pin "regOUT[87]" is stuck at GND
    Warning (13410): Pin "regOUT[88]" is stuck at GND
    Warning (13410): Pin "regOUT[89]" is stuck at GND
    Warning (13410): Pin "regOUT[90]" is stuck at GND
    Warning (13410): Pin "regOUT[91]" is stuck at GND
    Warning (13410): Pin "regOUT[92]" is stuck at GND
    Warning (13410): Pin "regOUT[93]" is stuck at GND
    Warning (13410): Pin "regOUT[94]" is stuck at GND
    Warning (13410): Pin "regOUT[95]" is stuck at GND
    Warning (13410): Pin "regOUT[96]" is stuck at GND
    Warning (13410): Pin "regOUT[97]" is stuck at GND
    Warning (13410): Pin "regOUT[98]" is stuck at GND
    Warning (13410): Pin "regOUT[99]" is stuck at GND
    Warning (13410): Pin "regOUT[100]" is stuck at GND
    Warning (13410): Pin "regOUT[101]" is stuck at GND
    Warning (13410): Pin "regOUT[102]" is stuck at GND
    Warning (13410): Pin "regOUT[103]" is stuck at GND
    Warning (13410): Pin "regOUT[104]" is stuck at GND
    Warning (13410): Pin "regOUT[105]" is stuck at GND
    Warning (13410): Pin "regOUT[106]" is stuck at GND
    Warning (13410): Pin "regOUT[107]" is stuck at GND
    Warning (13410): Pin "regOUT[108]" is stuck at GND
    Warning (13410): Pin "regOUT[109]" is stuck at GND
    Warning (13410): Pin "regOUT[110]" is stuck at GND
    Warning (13410): Pin "regOUT[111]" is stuck at GND
    Warning (13410): Pin "regOUT[112]" is stuck at GND
    Warning (13410): Pin "regOUT[113]" is stuck at GND
    Warning (13410): Pin "regOUT[114]" is stuck at GND
    Warning (13410): Pin "regOUT[115]" is stuck at GND
    Warning (13410): Pin "regOUT[116]" is stuck at GND
    Warning (13410): Pin "regOUT[117]" is stuck at GND
    Warning (13410): Pin "regOUT[118]" is stuck at GND
    Warning (13410): Pin "regOUT[119]" is stuck at GND
    Warning (13410): Pin "regOUT[120]" is stuck at GND
    Warning (13410): Pin "regOUT[121]" is stuck at GND
    Warning (13410): Pin "regOUT[122]" is stuck at GND
    Warning (13410): Pin "regOUT[123]" is stuck at GND
    Warning (13410): Pin "regOUT[124]" is stuck at GND
    Warning (13410): Pin "regOUT[125]" is stuck at GND
    Warning (13410): Pin "regOUT[126]" is stuck at GND
    Warning (13410): Pin "regOUT[127]" is stuck at GND
    Warning (13410): Pin "regOUT[128]" is stuck at GND
    Warning (13410): Pin "regOUT[129]" is stuck at GND
    Warning (13410): Pin "regOUT[130]" is stuck at GND
    Warning (13410): Pin "regOUT[131]" is stuck at GND
    Warning (13410): Pin "regOUT[132]" is stuck at GND
    Warning (13410): Pin "regOUT[133]" is stuck at GND
    Warning (13410): Pin "regOUT[134]" is stuck at GND
    Warning (13410): Pin "regOUT[135]" is stuck at GND
    Warning (13410): Pin "regOUT[136]" is stuck at GND
    Warning (13410): Pin "regOUT[137]" is stuck at GND
    Warning (13410): Pin "regOUT[138]" is stuck at GND
    Warning (13410): Pin "regOUT[139]" is stuck at GND
    Warning (13410): Pin "regOUT[140]" is stuck at GND
    Warning (13410): Pin "regOUT[141]" is stuck at GND
    Warning (13410): Pin "regOUT[142]" is stuck at GND
    Warning (13410): Pin "regOUT[143]" is stuck at GND
Info (16010): Generating hard_block partition "hard_block:auto_generated_inst"
    Info (16011): Adding 0 node(s), including 0 DDIO, 0 PLL, 0 transceiver and 0 LCELL
Warning (21074): Design contains 50 input pin(s) that do not drive logic
    Warning (15610): No output dependent on input pin "keyData[0]"
    Warning (15610): No output dependent on input pin "keyData[1]"
    Warning (15610): No output dependent on input pin "keyData[2]"
    Warning (15610): No output dependent on input pin "keyData[3]"
    Warning (15610): No output dependent on input pin "keyData[4]"
    Warning (15610): No output dependent on input pin "keyData[5]"
    Warning (15610): No output dependent on input pin "keyData[6]"
    Warning (15610): No output dependent on input pin "keyData[7]"
    Warning (15610): No output dependent on input pin "keyData[8]"
    Warning (15610): No output dependent on input pin "keyData[9]"
    Warning (15610): No output dependent on input pin "keyData[10]"
    Warning (15610): No output dependent on input pin "keyData[11]"
    Warning (15610): No output dependent on input pin "keyData[12]"
    Warning (15610): No output dependent on input pin "keyData[13]"
    Warning (15610): No output dependent on input pin "keyData[14]"
    Warning (15610): No output dependent on input pin "keyData[15]"
    Warning (15610): No output dependent on input pin "fromData[0]"
    Warning (15610): No output dependent on input pin "fromData[1]"
    Warning (15610): No output dependent on input pin "fromData[2]"
    Warning (15610): No output dependent on input pin "fromData[3]"
    Warning (15610): No output dependent on input pin "fromData[4]"
    Warning (15610): No output dependent on input pin "fromData[5]"
    Warning (15610): No output dependent on input pin "fromData[6]"
    Warning (15610): No output dependent on input pin "fromData[7]"
    Warning (15610): No output dependent on input pin "fromData[8]"
    Warning (15610): No output dependent on input pin "fromData[9]"
    Warning (15610): No output dependent on input pin "fromData[10]"
    Warning (15610): No output dependent on input pin "fromData[11]"
    Warning (15610): No output dependent on input pin "fromData[12]"
    Warning (15610): No output dependent on input pin "fromData[13]"
    Warning (15610): No output dependent on input pin "fromData[14]"
    Warning (15610): No output dependent on input pin "fromData[15]"
    Warning (15610): No output dependent on input pin "instr[0]"
    Warning (15610): No output dependent on input pin "instr[1]"
    Warning (15610): No output dependent on input pin "instr[2]"
    Warning (15610): No output dependent on input pin "instr[3]"
    Warning (15610): No output dependent on input pin "instr[4]"
    Warning (15610): No output dependent on input pin "instr[5]"
    Warning (15610): No output dependent on input pin "instr[6]"
    Warning (15610): No output dependent on input pin "instr[7]"
    Warning (15610): No output dependent on input pin "instr[8]"
    Warning (15610): No output dependent on input pin "instr[9]"
    Warning (15610): No output dependent on input pin "instr[10]"
    Warning (15610): No output dependent on input pin "instr[11]"
    Warning (15610): No output dependent on input pin "instr[12]"
    Warning (15610): No output dependent on input pin "instr[13]"
    Warning (15610): No output dependent on input pin "instr[14]"
    Warning (15610): No output dependent on input pin "instr[15]"
    Warning (15610): No output dependent on input pin "clock"
    Warning (15610): No output dependent on input pin "clock2"
Info (21057): Implemented 277 device resources after synthesis - the final resource count might be different
    Info (21058): Implemented 50 input pins
    Info (21059): Implemented 227 output pins
Info: Quartus II 64-Bit Analysis & Synthesis was successful. 0 errors, 289 warnings
    Info: Peak virtual memory: 4638 megabytes
    Info: Processing ended: Sun May 29 12:39:19 2022
    Info: Elapsed time: 00:00:02
    Info: Total CPU time (on all processors): 00:00:02


